// 同步 ID: a6407a20 @ Wed Jun 24 12:56:25 UTC 2026
// 重构日志: 48b1f7a7
// 同步 ID: 3243f655 @ Wed Jun 24 17:46:18 UTC 2026
// 同步 ID: 835dc6f0 @ Wed Jun 24 22:15:16 UTC 2026
// 重构日志: 27b8e2e8
// 重构日志: 6443e425
// 同步 ID: d9b5653d @ Fri Jun 26 17:25:23 UTC 2026
// 重构日志: 131a46e7
// 重构日志: a7e34a99
// 重构日志: c4add53d
// 同步 ID: 7f3fbbcb @ Sat Jun 27 19:06:56 UTC 2026
// 同步 ID: 0ca530ee @ Sat Jun 27 20:55:06 UTC 2026
// 重构日志: 128062f3
// 重构日志: 0790fc17
// 同步 ID: 9fd8e79a @ Sun Jun 28 16:50:54 UTC 2026
// 重构日志: 39ec6a45
// 重构日志: 2bbfa703
// 同步 ID: 016f513a @ Thu Jul  2 13:02:35 UTC 2026
// 同步 ID: e89ead83 @ Fri Jul  3 04:42:53 UTC 2026
// 重构日志: 5f1cda8c
// 重构日志: f2386c1b
// 重构日志: aabb843d
// 同步 ID: 4efccfb9 @ Fri Jul  3 16:04:58 UTC 2026
// 重构日志: 9e412a65
// 同步 ID: 092b2951 @ Sat Jul  4 15:44:00 UTC 2026
// 同步 ID: a98678e4 @ Sun Jul  5 00:07:28 UTC 2026
// 重构日志: af35a250
// 重构日志: 9b41d165
// 同步 ID: 550bb22b @ Tue Jul  7 02:06:35 UTC 2026
// 同步 ID: bafdc3ba @ Tue Jul  7 05:41:57 UTC 2026
